[debug] [2025-04-01T21:16:45.915Z] ----------------------------------------------------------------------
[debug] [2025-04-01T21:16:45.917Z] Command:       /usr/local/bin/firebase /home/yeyo/.cache/firebase/tools/lib/node_modules/firebase-tools/lib/bin/firebase emulators:start
[debug] [2025-04-01T21:16:45.918Z] CLI Version:   13.35.1
[debug] [2025-04-01T21:16:45.918Z] Platform:      linux
[debug] [2025-04-01T21:16:45.918Z] Node Version:  v18.5.0
[debug] [2025-04-01T21:16:45.921Z] Time:          Tue Apr 01 2025 15:16:45 GMT-0600 (Central Standard Time)
[debug] [2025-04-01T21:16:45.921Z] ----------------------------------------------------------------------
[debug] 
[debug] [2025-04-01T21:16:45.924Z] >>> [apiv2][query] GET https://firebase-public.firebaseio.com/cli.json [none]
[debug] [2025-04-01T21:16:46.226Z] > command requires scopes: ["email","openid","https://www.googleapis.com/auth/cloudplatformprojects.readonly","https://www.googleapis.com/auth/firebase","https://www.googleapis.com/auth/cloud-platform"]
[debug] [2025-04-01T21:16:46.227Z] > authorizing via signed-in user (morenoyeyo2003@gmail.com)
[debug] [2025-04-01T21:16:46.364Z] openjdk version "17.0.14" 2025-01-21
OpenJDK Runtime Environment (build 17.0.14+7-Ubuntu-122.04.1)

[debug] [2025-04-01T21:16:46.364Z] OpenJDK 64-Bit Server VM (build 17.0.14+7-Ubuntu-122.04.1, mixed mode, sharing)

[debug] [2025-04-01T21:16:46.383Z] Parsed Java major version: 17
[info] i  emulators: Starting emulators: firestore, hosting {"metadata":{"emulator":{"name":"hub"},"message":"Starting emulators: firestore, hosting"}}
[debug] [2025-04-01T21:16:46.409Z] [logging] Logging Emulator only supports listening on one address (127.0.0.1). Not listening on ::1
[debug] [2025-04-01T21:16:46.410Z] [firestore] Firestore Emulator only supports listening on one address (127.0.0.1). Not listening on ::1
[debug] [2025-04-01T21:16:46.411Z] [firestore.websocket] websocket server for firestore only supports listening on one address (127.0.0.1). Not listening on ::1
[debug] [2025-04-01T21:16:46.411Z] [hosting] Hosting Emulator only supports listening on one address (127.0.0.1). Not listening on ::1
[debug] [2025-04-01T21:16:46.412Z] assigned listening specs for emulators {"user":{"hub":[{"address":"127.0.0.1","family":"IPv4","port":4400},{"address":"::1","family":"IPv6","port":4400}],"ui":[{"address":"127.0.0.1","family":"IPv4","port":4000},{"address":"::1","family":"IPv6","port":4000}],"logging":[{"address":"127.0.0.1","family":"IPv4","port":4500}],"firestore":[{"address":"127.0.0.1","family":"IPv4","port":8080}],"firestore.websocket":[{"address":"127.0.0.1","family":"IPv4","port":9150}],"hosting":[{"address":"127.0.0.1","family":"IPv4","port":5000}]},"metadata":{"message":"assigned listening specs for emulators"}}
[debug] [2025-04-01T21:16:46.429Z] [hub] writing locator at /tmp/hub-mini-test-nonprod.json
[debug] [2025-04-01T21:16:46.447Z] <<< [apiv2][status] GET https://firebase-public.firebaseio.com/cli.json 200
[debug] [2025-04-01T21:16:46.448Z] <<< [apiv2][body] GET https://firebase-public.firebaseio.com/cli.json {"cloudBuildErrorAfter":1594252800000,"cloudBuildWarnAfter":1590019200000,"defaultNode10After":1594252800000,"minVersion":"3.0.5","node8DeploysDisabledAfter":1613390400000,"node8RuntimeDisabledAfter":1615809600000,"node8WarnAfter":1600128000000}
[warn] ⚠  firestore: Cloud Firestore Emulator does not support multiple databases yet. {"metadata":{"emulator":{"name":"firestore"},"message":"Cloud Firestore Emulator does not support multiple databases yet."}}
[warn] ⚠  firestore: Did not find a Cloud Firestore rules file specified in a firebase.json config file. {"metadata":{"emulator":{"name":"firestore"},"message":"Did not find a Cloud Firestore rules file specified in a firebase.json config file."}}
[warn] ⚠  firestore: The emulator will default to allowing all reads and writes. Learn more about this option: https://firebase.google.com/docs/emulator-suite/install_and_configure#security_rules_configuration. {"metadata":{"emulator":{"name":"firestore"},"message":"The emulator will default to allowing all reads and writes. Learn more about this option: https://firebase.google.com/docs/emulator-suite/install_and_configure#security_rules_configuration."}}
[debug] [2025-04-01T21:16:46.474Z] Ignoring unsupported arg: auto_download {"metadata":{"emulator":{"name":"firestore"},"message":"Ignoring unsupported arg: auto_download"}}
[debug] [2025-04-01T21:16:46.475Z] Ignoring unsupported arg: single_project_mode_error {"metadata":{"emulator":{"name":"firestore"},"message":"Ignoring unsupported arg: single_project_mode_error"}}
[debug] [2025-04-01T21:16:46.476Z] Starting Firestore Emulator with command {"binary":"java","args":["-Dgoogle.cloud_firestore.debug_log_level=FINE","-Duser.language=en","-jar","/home/yeyo/.cache/firebase/emulators/cloud-firestore-emulator-v1.19.8.jar","--host","127.0.0.1","--port",8080,"--websocket_port",9150,"--project_id","mini-test-nonprod","--single_project_mode",true],"optionalArgs":["port","webchannel_port","host","rules","websocket_port","functions_emulator","seed_from_export","project_id","single_project_mode"],"joinArgs":false,"shell":false,"port":8080} {"metadata":{"emulator":{"name":"firestore"},"message":"Starting Firestore Emulator with command {\"binary\":\"java\",\"args\":[\"-Dgoogle.cloud_firestore.debug_log_level=FINE\",\"-Duser.language=en\",\"-jar\",\"/home/yeyo/.cache/firebase/emulators/cloud-firestore-emulator-v1.19.8.jar\",\"--host\",\"127.0.0.1\",\"--port\",8080,\"--websocket_port\",9150,\"--project_id\",\"mini-test-nonprod\",\"--single_project_mode\",true],\"optionalArgs\":[\"port\",\"webchannel_port\",\"host\",\"rules\",\"websocket_port\",\"functions_emulator\",\"seed_from_export\",\"project_id\",\"single_project_mode\"],\"joinArgs\":false,\"shell\":false,\"port\":8080}"}}
[info] i  firestore: Firestore Emulator logging to firestore-debug.log {"metadata":{"emulator":{"name":"firestore"},"message":"Firestore Emulator logging to \u001b[1mfirestore-debug.log\u001b[22m"}}
[debug] [2025-04-01T21:16:47.781Z] Apr 01, 2025 3:16:47 PM com.google.cloud.datastore.emulator.firestore.websocket.WebSocketServer start
INFO: Started WebSocket server on ws://127.0.0.1:9150
 {"metadata":{"emulator":{"name":"firestore"},"message":"Apr 01, 2025 3:16:47 PM com.google.cloud.datastore.emulator.firestore.websocket.WebSocketServer start\nINFO: Started WebSocket server on ws://127.0.0.1:9150\n"}}
[debug] [2025-04-01T21:16:47.816Z] API endpoint: http://127.0.0.1:8080
 {"metadata":{"emulator":{"name":"firestore"},"message":"API endpoint: http://127.0.0.1:8080\n"}}
[debug] [2025-04-01T21:16:47.816Z] If you are using a library that supports the FIRESTORE_EMULATOR_HOST environment variable, run:

   export FIRESTORE_EMULATOR_HOST=127.0.0.1:8080

If you are running a Firestore in Datastore Mode project, run:

   export DATASTORE_EMULATOR_HOST=127.0.0.1:8080

Note: Support for Datastore Mode is in preview. If you encounter any bugs please file at https://github.com/firebase/firebase-tools/issues.
Dev App Server is now running.

 {"metadata":{"emulator":{"name":"firestore"},"message":"If you are using a library that supports the FIRESTORE_EMULATOR_HOST environment variable, run:\n\n   export FIRESTORE_EMULATOR_HOST=127.0.0.1:8080\n\nIf you are running a Firestore in Datastore Mode project, run:\n\n   export DATASTORE_EMULATOR_HOST=127.0.0.1:8080\n\nNote: Support for Datastore Mode is in preview. If you encounter any bugs please file at https://github.com/firebase/firebase-tools/issues.\nDev App Server is now running.\n\n"}}
[info] ✔  firestore: Firestore Emulator UI websocket is running on 9150. {"metadata":{"emulator":{"name":"firestore"},"message":"Firestore Emulator UI websocket is running on 9150."}}
[debug] [2025-04-01T21:16:47.918Z] Checked if tokens are valid: false, expires at: 1743220100592
[debug] [2025-04-01T21:16:47.919Z] Checked if tokens are valid: false, expires at: 1743220100592
[debug] [2025-04-01T21:16:47.920Z] > refreshing access token with scopes: []
[debug] [2025-04-01T21:16:47.926Z] >>> [apiv2][query] POST https://www.googleapis.com/oauth2/v3/token [none]
[debug] [2025-04-01T21:16:47.926Z] >>> [apiv2][body] POST https://www.googleapis.com/oauth2/v3/token [omitted]
[debug] [2025-04-01T21:16:48.087Z] <<< [apiv2][status] POST https://www.googleapis.com/oauth2/v3/token 200
[debug] [2025-04-01T21:16:48.087Z] <<< [apiv2][body] POST https://www.googleapis.com/oauth2/v3/token [omitted]
[debug] [2025-04-01T21:16:48.093Z] >>> [apiv2][query] GET https://firebasehosting.googleapis.com/v1beta1/projects/mini-test-nonprod/sites 
[debug] [2025-04-01T21:16:49.088Z] <<< [apiv2][status] GET https://firebasehosting.googleapis.com/v1beta1/projects/mini-test-nonprod/sites 200
[debug] [2025-04-01T21:16:49.088Z] <<< [apiv2][body] GET https://firebasehosting.googleapis.com/v1beta1/projects/mini-test-nonprod/sites {"sites":[{"name":"projects/mini-test-nonprod/sites/mini-test-nonprod","defaultUrl":"https://mini-test-nonprod.web.app","type":"DEFAULT_SITE"}]}
[debug] [2025-04-01T21:16:49.089Z] Checked if tokens are valid: true, expires at: 1743545807087
[debug] [2025-04-01T21:16:49.089Z] Checked if tokens are valid: true, expires at: 1743545807087
[debug] [2025-04-01T21:16:49.090Z] >>> [apiv2][query] GET https://firebase.googleapis.com/v1beta1/projects/mini-test-nonprod/webApps/-/config [none]
[debug] [2025-04-01T21:16:49.706Z] <<< [apiv2][status] GET https://firebase.googleapis.com/v1beta1/projects/mini-test-nonprod/webApps/-/config 200
[debug] [2025-04-01T21:16:49.707Z] <<< [apiv2][body] GET https://firebase.googleapis.com/v1beta1/projects/mini-test-nonprod/webApps/-/config {"projectId":"mini-test-nonprod","appId":"1:634140117225:web:93449224c54f49963d0878","storageBucket":"mini-test-nonprod.firebasestorage.app","apiKey":"AIzaSyA30eDOBmyOplbkfDEtVtZ1CGO1BMY1qpo","authDomain":"mini-test-nonprod.firebaseapp.com","messagingSenderId":"634140117225"}
[debug] [2025-04-01T21:16:49.721Z] Checked if tokens are valid: true, expires at: 1743545807087
[debug] [2025-04-01T21:16:49.721Z] Checked if tokens are valid: true, expires at: 1743545807087
[debug] [2025-04-01T21:16:49.723Z] >>> [apiv2][query] GET https://firebase.googleapis.com/v1beta1/projects/mini-test-nonprod [none]
[debug] [2025-04-01T21:16:50.013Z] <<< [apiv2][status] GET https://firebase.googleapis.com/v1beta1/projects/mini-test-nonprod 200
[debug] [2025-04-01T21:16:50.013Z] <<< [apiv2][body] GET https://firebase.googleapis.com/v1beta1/projects/mini-test-nonprod {"projectId":"mini-test-nonprod","projectNumber":"634140117225","displayName":"mini-test-nonprod","name":"projects/mini-test-nonprod","resources":{"hostingSite":"mini-test-nonprod"},"state":"ACTIVE","etag":"1_6d25f7a9-bc29-4e76-976d-1de92691075f"}
[info] i  hosting[mini-test-nonprod]: Serving hosting files from: dist {"metadata":{"emulator":{"name":"hosting"},"message":"Serving hosting files from: \u001b[1mdist\u001b[22m"}}
[info] ✔  hosting[mini-test-nonprod]: Local server: http://127.0.0.1:5000 {"metadata":{"emulator":{"name":"hosting"},"message":"Local server: \u001b[4m\u001b[1mhttp://127.0.0.1:5000\u001b[22m\u001b[24m"}}
[info] i  ui: downloading ui-v1.14.0.zip... {"metadata":{"emulator":{"name":"ui"},"message":"downloading ui-v1.14.0.zip..."}}
[debug] [2025-04-01T21:16:50.070Z] >>> [apiv2][query] GET https://storage.googleapis.com/firebase-preview-drop/emulator/ui-v1.14.0.zip 
[debug] [2025-04-01T21:16:50.231Z] <<< [apiv2][status] GET https://storage.googleapis.com/firebase-preview-drop/emulator/ui-v1.14.0.zip 200
[debug] [2025-04-01T21:16:50.232Z] <<< [apiv2][body] GET https://storage.googleapis.com/firebase-preview-drop/emulator/ui-v1.14.0.zip [stream]
[debug] [2025-04-01T21:16:50.576Z] Data is 3615311
[debug] [2025-04-01T21:16:50.576Z] [unzip] Entry: client/ (compressed_size=0 bytes, uncompressed_size=0 bytes)
[debug] [2025-04-01T21:16:50.576Z] [unzip] Processing entry: client/
[debug] [2025-04-01T21:16:50.576Z] [unzip] mkdir: /home/yeyo/.cache/firebase/emulators/ui-v1.14.0/client/
[debug] [2025-04-01T21:16:50.578Z] [unzip] Entry: client/favicon-16x16.png (compressed_size=293 bytes, uncompressed_size=293 bytes)
[debug] [2025-04-01T21:16:50.578Z] [unzip] Processing entry: client/favicon-16x16.png
[debug] [2025-04-01T21:16:50.578Z] [unzip] else mkdir: /home/yeyo/.cache/firebase/emulators/ui-v1.14.0/client
[debug] [2025-04-01T21:16:50.578Z] [unzip] Writing file: /home/yeyo/.cache/firebase/emulators/ui-v1.14.0/client/favicon-16x16.png
[debug] [2025-04-01T21:16:50.579Z] [unzip] Entry: client/safari-pinned-tab.svg (compressed_size=1433 bytes, uncompressed_size=2611 bytes)
[debug] [2025-04-01T21:16:50.579Z] [unzip] Processing entry: client/safari-pinned-tab.svg
[debug] [2025-04-01T21:16:50.579Z] [unzip] else mkdir: /home/yeyo/.cache/firebase/emulators/ui-v1.14.0/client
[debug] [2025-04-01T21:16:50.579Z] [unzip] deflating: /home/yeyo/.cache/firebase/emulators/ui-v1.14.0/client/safari-pinned-tab.svg
[debug] [2025-04-01T21:16:50.583Z] [unzip] Entry: client/favicon.ico (compressed_size=2933 bytes, uncompressed_size=13294 bytes)
[debug] [2025-04-01T21:16:50.584Z] [unzip] Processing entry: client/favicon.ico
[debug] [2025-04-01T21:16:50.584Z] [unzip] else mkdir: /home/yeyo/.cache/firebase/emulators/ui-v1.14.0/client
[debug] [2025-04-01T21:16:50.584Z] [unzip] deflating: /home/yeyo/.cache/firebase/emulators/ui-v1.14.0/client/favicon.ico
[debug] [2025-04-01T21:16:50.585Z] [unzip] Entry: client/index.html (compressed_size=1363 bytes, uncompressed_size=3071 bytes)
[debug] [2025-04-01T21:16:50.585Z] [unzip] Processing entry: client/index.html
[debug] [2025-04-01T21:16:50.585Z] [unzip] else mkdir: /home/yeyo/.cache/firebase/emulators/ui-v1.14.0/client
[debug] [2025-04-01T21:16:50.585Z] [unzip] deflating: /home/yeyo/.cache/firebase/emulators/ui-v1.14.0/client/index.html
[debug] [2025-04-01T21:16:50.586Z] [unzip] Entry: client/android-chrome-192x192.png (compressed_size=2684 bytes, uncompressed_size=2684 bytes)
[debug] [2025-04-01T21:16:50.586Z] [unzip] Processing entry: client/android-chrome-192x192.png
[debug] [2025-04-01T21:16:50.587Z] [unzip] else mkdir: /home/yeyo/.cache/firebase/emulators/ui-v1.14.0/client
[debug] [2025-04-01T21:16:50.587Z] [unzip] Writing file: /home/yeyo/.cache/firebase/emulators/ui-v1.14.0/client/android-chrome-192x192.png
[debug] [2025-04-01T21:16:50.587Z] [unzip] Entry: client/apple-touch-icon.png (compressed_size=2123 bytes, uncompressed_size=2152 bytes)
[debug] [2025-04-01T21:16:50.587Z] [unzip] Processing entry: client/apple-touch-icon.png
[debug] [2025-04-01T21:16:50.587Z] [unzip] else mkdir: /home/yeyo/.cache/firebase/emulators/ui-v1.14.0/client
[debug] [2025-04-01T21:16:50.587Z] [unzip] deflating: /home/yeyo/.cache/firebase/emulators/ui-v1.14.0/client/apple-touch-icon.png
[debug] [2025-04-01T21:16:50.588Z] [unzip] Entry: client/android-chrome-512x512.png (compressed_size=5369 bytes, uncompressed_size=5411 bytes)
[debug] [2025-04-01T21:16:50.588Z] [unzip] Processing entry: client/android-chrome-512x512.png
[debug] [2025-04-01T21:16:50.588Z] [unzip] else mkdir: /home/yeyo/.cache/firebase/emulators/ui-v1.14.0/client
[debug] [2025-04-01T21:16:50.589Z] [unzip] deflating: /home/yeyo/.cache/firebase/emulators/ui-v1.14.0/client/android-chrome-512x512.png
[debug] [2025-04-01T21:16:50.590Z] [unzip] Entry: client/manifest.json (compressed_size=245 bytes, uncompressed_size=551 bytes)
[debug] [2025-04-01T21:16:50.590Z] [unzip] Processing entry: client/manifest.json
[debug] [2025-04-01T21:16:50.590Z] [unzip] else mkdir: /home/yeyo/.cache/firebase/emulators/ui-v1.14.0/client
[debug] [2025-04-01T21:16:50.590Z] [unzip] deflating: /home/yeyo/.cache/firebase/emulators/ui-v1.14.0/client/manifest.json
[debug] [2025-04-01T21:16:50.591Z] [unzip] Entry: client/robots.txt (compressed_size=26 bytes, uncompressed_size=26 bytes)
[debug] [2025-04-01T21:16:50.591Z] [unzip] Processing entry: client/robots.txt
[debug] [2025-04-01T21:16:50.591Z] [unzip] else mkdir: /home/yeyo/.cache/firebase/emulators/ui-v1.14.0/client
[debug] [2025-04-01T21:16:50.591Z] [unzip] Writing file: /home/yeyo/.cache/firebase/emulators/ui-v1.14.0/client/robots.txt
[debug] [2025-04-01T21:16:50.592Z] [unzip] Entry: client/mstile-150x150.png (compressed_size=2034 bytes, uncompressed_size=2034 bytes)
[debug] [2025-04-01T21:16:50.592Z] [unzip] Processing entry: client/mstile-150x150.png
[debug] [2025-04-01T21:16:50.592Z] [unzip] else mkdir: /home/yeyo/.cache/firebase/emulators/ui-v1.14.0/client
[debug] [2025-04-01T21:16:50.592Z] [unzip] Writing file: /home/yeyo/.cache/firebase/emulators/ui-v1.14.0/client/mstile-150x150.png
[debug] [2025-04-01T21:16:50.593Z] [unzip] Entry: client/assets/ (compressed_size=0 bytes, uncompressed_size=0 bytes)
[debug] [2025-04-01T21:16:50.593Z] [unzip] Processing entry: client/assets/
[debug] [2025-04-01T21:16:50.593Z] [unzip] mkdir: /home/yeyo/.cache/firebase/emulators/ui-v1.14.0/client/assets/
[debug] [2025-04-01T21:16:50.593Z] [unzip] Entry: client/assets/index-ClZTY_JS.js.map (compressed_size=2328270 bytes, uncompressed_size=9947004 bytes)
[debug] [2025-04-01T21:16:50.593Z] [unzip] Processing entry: client/assets/index-ClZTY_JS.js.map
[debug] [2025-04-01T21:16:50.593Z] [unzip] else mkdir: /home/yeyo/.cache/firebase/emulators/ui-v1.14.0/client/assets
[debug] [2025-04-01T21:16:50.594Z] [unzip] deflating: /home/yeyo/.cache/firebase/emulators/ui-v1.14.0/client/assets/index-ClZTY_JS.js.map
[debug] [2025-04-01T21:16:50.652Z] [unzip] Entry: client/assets/index-ClZTY_JS.js (compressed_size=567195 bytes, uncompressed_size=2035940 bytes)
[debug] [2025-04-01T21:16:50.652Z] [unzip] Processing entry: client/assets/index-ClZTY_JS.js
[debug] [2025-04-01T21:16:50.652Z] [unzip] else mkdir: /home/yeyo/.cache/firebase/emulators/ui-v1.14.0/client/assets
[debug] [2025-04-01T21:16:50.652Z] [unzip] deflating: /home/yeyo/.cache/firebase/emulators/ui-v1.14.0/client/assets/index-ClZTY_JS.js
[debug] [2025-04-01T21:16:50.665Z] [unzip] Entry: client/assets/index-BdgySamB.css (compressed_size=35979 bytes, uncompressed_size=298654 bytes)
[debug] [2025-04-01T21:16:50.665Z] [unzip] Processing entry: client/assets/index-BdgySamB.css
[debug] [2025-04-01T21:16:50.665Z] [unzip] else mkdir: /home/yeyo/.cache/firebase/emulators/ui-v1.14.0/client/assets
[debug] [2025-04-01T21:16:50.666Z] [unzip] deflating: /home/yeyo/.cache/firebase/emulators/ui-v1.14.0/client/assets/index-BdgySamB.css
[debug] [2025-04-01T21:16:50.668Z] [unzip] Entry: client/assets/extensions/ (compressed_size=0 bytes, uncompressed_size=0 bytes)
[debug] [2025-04-01T21:16:50.668Z] [unzip] Processing entry: client/assets/extensions/
[debug] [2025-04-01T21:16:50.668Z] [unzip] mkdir: /home/yeyo/.cache/firebase/emulators/ui-v1.14.0/client/assets/extensions/
[debug] [2025-04-01T21:16:50.668Z] [unzip] Entry: client/assets/extensions/default-extension.png (compressed_size=1646 bytes, uncompressed_size=1657 bytes)
[debug] [2025-04-01T21:16:50.669Z] [unzip] Processing entry: client/assets/extensions/default-extension.png
[debug] [2025-04-01T21:16:50.669Z] [unzip] else mkdir: /home/yeyo/.cache/firebase/emulators/ui-v1.14.0/client/assets/extensions
[debug] [2025-04-01T21:16:50.669Z] [unzip] deflating: /home/yeyo/.cache/firebase/emulators/ui-v1.14.0/client/assets/extensions/default-extension.png
[debug] [2025-04-01T21:16:50.670Z] [unzip] Entry: client/assets/img/ (compressed_size=0 bytes, uncompressed_size=0 bytes)
[debug] [2025-04-01T21:16:50.670Z] [unzip] Processing entry: client/assets/img/
[debug] [2025-04-01T21:16:50.670Z] [unzip] mkdir: /home/yeyo/.cache/firebase/emulators/ui-v1.14.0/client/assets/img/
[debug] [2025-04-01T21:16:50.670Z] [unzip] Entry: client/assets/img/database.png (compressed_size=29449 bytes, uncompressed_size=29988 bytes)
[debug] [2025-04-01T21:16:50.671Z] [unzip] Processing entry: client/assets/img/database.png
[debug] [2025-04-01T21:16:50.671Z] [unzip] else mkdir: /home/yeyo/.cache/firebase/emulators/ui-v1.14.0/client/assets/img
[debug] [2025-04-01T21:16:50.671Z] [unzip] deflating: /home/yeyo/.cache/firebase/emulators/ui-v1.14.0/client/assets/img/database.png
[debug] [2025-04-01T21:16:50.672Z] [unzip] Entry: client/assets/provider-icons/ (compressed_size=0 bytes, uncompressed_size=0 bytes)
[debug] [2025-04-01T21:16:50.672Z] [unzip] Processing entry: client/assets/provider-icons/
[debug] [2025-04-01T21:16:50.672Z] [unzip] mkdir: /home/yeyo/.cache/firebase/emulators/ui-v1.14.0/client/assets/provider-icons/
[debug] [2025-04-01T21:16:50.672Z] [unzip] Entry: client/assets/provider-icons/auth_service_saml.svg (compressed_size=575 bytes, uncompressed_size=1226 bytes)
[debug] [2025-04-01T21:16:50.672Z] [unzip] Processing entry: client/assets/provider-icons/auth_service_saml.svg
[debug] [2025-04-01T21:16:50.672Z] [unzip] else mkdir: /home/yeyo/.cache/firebase/emulators/ui-v1.14.0/client/assets/provider-icons
[debug] [2025-04-01T21:16:50.672Z] [unzip] deflating: /home/yeyo/.cache/firebase/emulators/ui-v1.14.0/client/assets/provider-icons/auth_service_saml.svg
[debug] [2025-04-01T21:16:50.673Z] [unzip] Entry: client/assets/provider-icons/auth_service_phone.svg (compressed_size=261 bytes, uncompressed_size=414 bytes)
[debug] [2025-04-01T21:16:50.673Z] [unzip] Processing entry: client/assets/provider-icons/auth_service_phone.svg
[debug] [2025-04-01T21:16:50.673Z] [unzip] else mkdir: /home/yeyo/.cache/firebase/emulators/ui-v1.14.0/client/assets/provider-icons
[debug] [2025-04-01T21:16:50.673Z] [unzip] deflating: /home/yeyo/.cache/firebase/emulators/ui-v1.14.0/client/assets/provider-icons/auth_service_phone.svg
[debug] [2025-04-01T21:16:50.674Z] [unzip] Entry: client/assets/provider-icons/auth_service_facebook.svg (compressed_size=289 bytes, uncompressed_size=457 bytes)
[debug] [2025-04-01T21:16:50.674Z] [unzip] Processing entry: client/assets/provider-icons/auth_service_facebook.svg
[debug] [2025-04-01T21:16:50.674Z] [unzip] else mkdir: /home/yeyo/.cache/firebase/emulators/ui-v1.14.0/client/assets/provider-icons
[debug] [2025-04-01T21:16:50.674Z] [unzip] deflating: /home/yeyo/.cache/firebase/emulators/ui-v1.14.0/client/assets/provider-icons/auth_service_facebook.svg
[debug] [2025-04-01T21:16:50.675Z] [unzip] Entry: client/assets/provider-icons/auth_service_game_center.svg (compressed_size=991 bytes, uncompressed_size=3921 bytes)
[debug] [2025-04-01T21:16:50.675Z] [unzip] Processing entry: client/assets/provider-icons/auth_service_game_center.svg
[debug] [2025-04-01T21:16:50.675Z] [unzip] else mkdir: /home/yeyo/.cache/firebase/emulators/ui-v1.14.0/client/assets/provider-icons
[debug] [2025-04-01T21:16:50.675Z] [unzip] deflating: /home/yeyo/.cache/firebase/emulators/ui-v1.14.0/client/assets/provider-icons/auth_service_game_center.svg
[debug] [2025-04-01T21:16:50.676Z] [unzip] Entry: client/assets/provider-icons/auth_service_apple.svg (compressed_size=230 bytes, uncompressed_size=334 bytes)
[debug] [2025-04-01T21:16:50.676Z] [unzip] Processing entry: client/assets/provider-icons/auth_service_apple.svg
[debug] [2025-04-01T21:16:50.676Z] [unzip] else mkdir: /home/yeyo/.cache/firebase/emulators/ui-v1.14.0/client/assets/provider-icons
[debug] [2025-04-01T21:16:50.676Z] [unzip] deflating: /home/yeyo/.cache/firebase/emulators/ui-v1.14.0/client/assets/provider-icons/auth_service_apple.svg
[debug] [2025-04-01T21:16:50.676Z] [unzip] Entry: client/assets/provider-icons/auth_service_github.svg (compressed_size=466 bytes, uncompressed_size=838 bytes)
[debug] [2025-04-01T21:16:50.676Z] [unzip] Processing entry: client/assets/provider-icons/auth_service_github.svg
[debug] [2025-04-01T21:16:50.677Z] [unzip] else mkdir: /home/yeyo/.cache/firebase/emulators/ui-v1.14.0/client/assets/provider-icons
[debug] [2025-04-01T21:16:50.677Z] [unzip] deflating: /home/yeyo/.cache/firebase/emulators/ui-v1.14.0/client/assets/provider-icons/auth_service_github.svg
[debug] [2025-04-01T21:16:50.677Z] [unzip] Entry: client/assets/provider-icons/auth_service_mslive.svg (compressed_size=203 bytes, uncompressed_size=378 bytes)
[debug] [2025-04-01T21:16:50.677Z] [unzip] Processing entry: client/assets/provider-icons/auth_service_mslive.svg
[debug] [2025-04-01T21:16:50.677Z] [unzip] else mkdir: /home/yeyo/.cache/firebase/emulators/ui-v1.14.0/client/assets/provider-icons
[debug] [2025-04-01T21:16:50.677Z] [unzip] deflating: /home/yeyo/.cache/firebase/emulators/ui-v1.14.0/client/assets/provider-icons/auth_service_mslive.svg
[debug] [2025-04-01T21:16:50.678Z] [unzip] Entry: client/assets/provider-icons/auth_service_yahoo.svg (compressed_size=577 bytes, uncompressed_size=1182 bytes)
[debug] [2025-04-01T21:16:50.678Z] [unzip] Processing entry: client/assets/provider-icons/auth_service_yahoo.svg
[debug] [2025-04-01T21:16:50.678Z] [unzip] else mkdir: /home/yeyo/.cache/firebase/emulators/ui-v1.14.0/client/assets/provider-icons
[debug] [2025-04-01T21:16:50.678Z] [unzip] deflating: /home/yeyo/.cache/firebase/emulators/ui-v1.14.0/client/assets/provider-icons/auth_service_yahoo.svg
[debug] [2025-04-01T21:16:50.679Z] [unzip] Entry: client/assets/provider-icons/auth_service_twitter.svg (compressed_size=444 bytes, uncompressed_size=751 bytes)
[debug] [2025-04-01T21:16:50.679Z] [unzip] Processing entry: client/assets/provider-icons/auth_service_twitter.svg
[debug] [2025-04-01T21:16:50.679Z] [unzip] else mkdir: /home/yeyo/.cache/firebase/emulators/ui-v1.14.0/client/assets/provider-icons
[debug] [2025-04-01T21:16:50.679Z] [unzip] deflating: /home/yeyo/.cache/firebase/emulators/ui-v1.14.0/client/assets/provider-icons/auth_service_twitter.svg
[debug] [2025-04-01T21:16:50.680Z] [unzip] Entry: client/assets/provider-icons/auth_service_play_games.svg (compressed_size=565 bytes, uncompressed_size=1173 bytes)
[debug] [2025-04-01T21:16:50.680Z] [unzip] Processing entry: client/assets/provider-icons/auth_service_play_games.svg
[debug] [2025-04-01T21:16:50.680Z] [unzip] else mkdir: /home/yeyo/.cache/firebase/emulators/ui-v1.14.0/client/assets/provider-icons
[debug] [2025-04-01T21:16:50.680Z] [unzip] deflating: /home/yeyo/.cache/firebase/emulators/ui-v1.14.0/client/assets/provider-icons/auth_service_play_games.svg
[debug] [2025-04-01T21:16:50.680Z] [unzip] Entry: client/assets/provider-icons/auth_service_email.svg (compressed_size=228 bytes, uncompressed_size=326 bytes)
[debug] [2025-04-01T21:16:50.681Z] [unzip] Processing entry: client/assets/provider-icons/auth_service_email.svg
[debug] [2025-04-01T21:16:50.681Z] [unzip] else mkdir: /home/yeyo/.cache/firebase/emulators/ui-v1.14.0/client/assets/provider-icons
[debug] [2025-04-01T21:16:50.681Z] [unzip] deflating: /home/yeyo/.cache/firebase/emulators/ui-v1.14.0/client/assets/provider-icons/auth_service_email.svg
[debug] [2025-04-01T21:16:50.681Z] [unzip] Entry: client/assets/provider-icons/auth_service_google.svg (compressed_size=409 bytes, uncompressed_size=720 bytes)
[debug] [2025-04-01T21:16:50.681Z] [unzip] Processing entry: client/assets/provider-icons/auth_service_google.svg
[debug] [2025-04-01T21:16:50.681Z] [unzip] else mkdir: /home/yeyo/.cache/firebase/emulators/ui-v1.14.0/client/assets/provider-icons
[debug] [2025-04-01T21:16:50.681Z] [unzip] deflating: /home/yeyo/.cache/firebase/emulators/ui-v1.14.0/client/assets/provider-icons/auth_service_google.svg
[debug] [2025-04-01T21:16:50.682Z] [unzip] Entry: client/assets/provider-icons/auth_service_oidc.svg (compressed_size=414 bytes, uncompressed_size=858 bytes)
[debug] [2025-04-01T21:16:50.682Z] [unzip] Processing entry: client/assets/provider-icons/auth_service_oidc.svg
[debug] [2025-04-01T21:16:50.682Z] [unzip] else mkdir: /home/yeyo/.cache/firebase/emulators/ui-v1.14.0/client/assets/provider-icons
[debug] [2025-04-01T21:16:50.682Z] [unzip] deflating: /home/yeyo/.cache/firebase/emulators/ui-v1.14.0/client/assets/provider-icons/auth_service_oidc.svg
[debug] [2025-04-01T21:16:50.683Z] [unzip] Entry: client/browserconfig.xml (compressed_size=491 bytes, uncompressed_size=822 bytes)
[debug] [2025-04-01T21:16:50.683Z] [unzip] Processing entry: client/browserconfig.xml
[debug] [2025-04-01T21:16:50.683Z] [unzip] else mkdir: /home/yeyo/.cache/firebase/emulators/ui-v1.14.0/client
[debug] [2025-04-01T21:16:50.683Z] [unzip] deflating: /home/yeyo/.cache/firebase/emulators/ui-v1.14.0/client/browserconfig.xml
[debug] [2025-04-01T21:16:50.684Z] [unzip] Entry: client/favicon-32x32.png (compressed_size=475 bytes, uncompressed_size=475 bytes)
[debug] [2025-04-01T21:16:50.684Z] [unzip] Processing entry: client/favicon-32x32.png
[debug] [2025-04-01T21:16:50.684Z] [unzip] else mkdir: /home/yeyo/.cache/firebase/emulators/ui-v1.14.0/client
[debug] [2025-04-01T21:16:50.684Z] [unzip] Writing file: /home/yeyo/.cache/firebase/emulators/ui-v1.14.0/client/favicon-32x32.png
[debug] [2025-04-01T21:16:50.684Z] [unzip] Entry: server/ (compressed_size=0 bytes, uncompressed_size=0 bytes)
[debug] [2025-04-01T21:16:50.685Z] [unzip] Processing entry: server/
[debug] [2025-04-01T21:16:50.685Z] [unzip] mkdir: /home/yeyo/.cache/firebase/emulators/ui-v1.14.0/server/
[debug] [2025-04-01T21:16:50.685Z] [unzip] Entry: server/server.mjs.map (compressed_size=296496 bytes, uncompressed_size=1355667 bytes)
[debug] [2025-04-01T21:16:50.685Z] [unzip] Processing entry: server/server.mjs.map
[debug] [2025-04-01T21:16:50.685Z] [unzip] else mkdir: /home/yeyo/.cache/firebase/emulators/ui-v1.14.0/server
[debug] [2025-04-01T21:16:50.685Z] [unzip] deflating: /home/yeyo/.cache/firebase/emulators/ui-v1.14.0/server/server.mjs.map
[debug] [2025-04-01T21:16:50.692Z] [unzip] Entry: server/server.mjs (compressed_size=315701 bytes, uncompressed_size=1172682 bytes)
[debug] [2025-04-01T21:16:50.692Z] [unzip] Processing entry: server/server.mjs
[debug] [2025-04-01T21:16:50.692Z] [unzip] else mkdir: /home/yeyo/.cache/firebase/emulators/ui-v1.14.0/server
[debug] [2025-04-01T21:16:50.692Z] [unzip] deflating: /home/yeyo/.cache/firebase/emulators/ui-v1.14.0/server/server.mjs
[debug] [2025-04-01T21:16:50.699Z] [unzip] Entry: server/assets/ (compressed_size=0 bytes, uncompressed_size=0 bytes)
[debug] [2025-04-01T21:16:50.699Z] [unzip] Processing entry: server/assets/
[debug] [2025-04-01T21:16:50.699Z] [unzip] mkdir: /home/yeyo/.cache/firebase/emulators/ui-v1.14.0/server/assets/
[debug] [2025-04-01T21:16:50.699Z] [unzip] Entry: server/assets/multipart-parser-DGCUZdXu.mjs.map (compressed_size=4791 bytes, uncompressed_size=17918 bytes)
[debug] [2025-04-01T21:16:50.699Z] [unzip] Processing entry: server/assets/multipart-parser-DGCUZdXu.mjs.map
[debug] [2025-04-01T21:16:50.699Z] [unzip] else mkdir: /home/yeyo/.cache/firebase/emulators/ui-v1.14.0/server/assets
[debug] [2025-04-01T21:16:50.699Z] [unzip] deflating: /home/yeyo/.cache/firebase/emulators/ui-v1.14.0/server/assets/multipart-parser-DGCUZdXu.mjs.map
[debug] [2025-04-01T21:16:50.700Z] [unzip] Entry: server/assets/multipart-parser-DGCUZdXu.mjs (compressed_size=2621 bytes, uncompressed_size=10390 bytes)
[debug] [2025-04-01T21:16:50.700Z] [unzip] Processing entry: server/assets/multipart-parser-DGCUZdXu.mjs
[debug] [2025-04-01T21:16:50.700Z] [unzip] else mkdir: /home/yeyo/.cache/firebase/emulators/ui-v1.14.0/server/assets
[debug] [2025-04-01T21:16:50.700Z] [unzip] deflating: /home/yeyo/.cache/firebase/emulators/ui-v1.14.0/server/assets/multipart-parser-DGCUZdXu.mjs
[debug] [2025-04-01T21:16:50.706Z] Could not find VSCode notification endpoint: FetchError: request to http://localhost:40001/vscode/notify failed, reason: connect ECONNREFUSED 127.0.0.1:40001. If you are not running the Firebase Data Connect VSCode extension, this is expected and not an issue.
[info] 
┌─────────────────────────────────────────────────────────────┐
│ ✔  All emulators ready! It is now safe to connect your app. │
│ i  View Emulator UI at http://127.0.0.1:4000/               │
└─────────────────────────────────────────────────────────────┘

┌───────────┬────────────────┬─────────────────────────────────┐
│ Emulator  │ Host:Port      │ View in Emulator UI             │
├───────────┼────────────────┼─────────────────────────────────┤
│ Firestore │ 127.0.0.1:8080 │ http://127.0.0.1:4000/firestore │
├───────────┼────────────────┼─────────────────────────────────┤
│ Hosting   │ 127.0.0.1:5000 │ n/a                             │
└───────────┴────────────────┴─────────────────────────────────┘
  Emulator Hub host: 127.0.0.1 port: 4400
  Other reserved ports: 4500, 9150

Issues? Report them at https://github.com/firebase/firebase-tools/issues and attach the *-debug.log files.
 
[debug] [2025-04-01T21:17:23.549Z] Apr 01, 2025 3:17:23 PM io.gapi.emulators.netty.HttpVersionRoutingHandler channelRead
INFO: Detected HTTP/2 connection.
 {"metadata":{"emulator":{"name":"firestore"},"message":"Apr 01, 2025 3:17:23 PM io.gapi.emulators.netty.HttpVersionRoutingHandler channelRead\nINFO: Detected HTTP/2 connection.\n"}}
[debug] [2025-04-01T21:17:24.504Z] Apr 01, 2025 3:17:24 PM io.netty.channel.DefaultChannelPipeline onUnhandledInboundException
WARNING: An exceptionCaught() event was fired, and it reached at the tail of the pipeline. It usually means the last handler in the pipeline did not handle the exception.
java.net.SocketException: Connection reset
	at java.base/sun.nio.ch.SocketChannelImpl.throwConnectionReset(SocketChannelImpl.java:394)
	at java.base/sun.nio.ch.SocketChannelImpl.read(SocketChannelImpl.java:426)
	at io.netty.buffer.PooledByteBuf.setBytes(PooledByteBuf.java:255)
	at io.netty.buffer.AbstractByteBuf.writeBytes(AbstractByteBuf.java:1132)
	at io.netty.channel.socket.nio.NioSocketChannel.doReadBytes(NioSocketChannel.java:356)
	at io.netty.channel.nio.AbstractNioByteChannel$NioByteUnsafe.read(AbstractNioByteChannel.java:151)
	at io.netty.channel.nio.NioEventLoop.processSelectedKey(NioEventLoop.java:788)
	at io.netty.channel.nio.NioEventLoop.processSelectedKeysOptimized(NioEventLoop.java:724)
	at io.netty.channel.nio.NioEventLoop.processSelectedKeys(NioEventLoop.java:650)
	at io.netty.channel.nio.NioEventLoop.run(NioEventLoop.java:562)
	at io.netty.util.concurrent.SingleThreadEventExecutor$4.run(SingleThreadEventExecutor.java:994)
	at io.netty.util.internal.ThreadExecutorMap$2.run(ThreadExecutorMap.java:74)
	at io.netty.util.concurrent.FastThreadLocalRunnable.run(FastThreadLocalRunnable.java:30)
	at java.base/java.lang.Thread.run(Thread.java:840)

 {"metadata":{"emulator":{"name":"firestore"},"message":"Apr 01, 2025 3:17:24 PM io.netty.channel.DefaultChannelPipeline onUnhandledInboundException\nWARNING: An exceptionCaught() event was fired, and it reached at the tail of the pipeline. It usually means the last handler in the pipeline did not handle the exception.\njava.net.SocketException: Connection reset\n\tat java.base/sun.nio.ch.SocketChannelImpl.throwConnectionReset(SocketChannelImpl.java:394)\n\tat java.base/sun.nio.ch.SocketChannelImpl.read(SocketChannelImpl.java:426)\n\tat io.netty.buffer.PooledByteBuf.setBytes(PooledByteBuf.java:255)\n\tat io.netty.buffer.AbstractByteBuf.writeBytes(AbstractByteBuf.java:1132)\n\tat io.netty.channel.socket.nio.NioSocketChannel.doReadBytes(NioSocketChannel.java:356)\n\tat io.netty.channel.nio.AbstractNioByteChannel$NioByteUnsafe.read(AbstractNioByteChannel.java:151)\n\tat io.netty.channel.nio.NioEventLoop.processSelectedKey(NioEventLoop.java:788)\n\tat io.netty.channel.nio.NioEventLoop.processSelectedKeysOptimized(NioEventLoop.java:724)\n\tat io.netty.channel.nio.NioEventLoop.processSelectedKeys(NioEventLoop.java:650)\n\tat io.netty.channel.nio.NioEventLoop.run(NioEventLoop.java:562)\n\tat io.netty.util.concurrent.SingleThreadEventExecutor$4.run(SingleThreadEventExecutor.java:994)\n\tat io.netty.util.internal.ThreadExecutorMap$2.run(ThreadExecutorMap.java:74)\n\tat io.netty.util.concurrent.FastThreadLocalRunnable.run(FastThreadLocalRunnable.java:30)\n\tat java.base/java.lang.Thread.run(Thread.java:840)\n\n"}}
[debug] [2025-04-01T21:17:48.218Z] Apr 01, 2025 3:17:48 PM io.gapi.emulators.netty.HttpVersionRoutingHandler channelRead
INFO: Detected HTTP/2 connection.
 {"metadata":{"emulator":{"name":"firestore"},"message":"Apr 01, 2025 3:17:48 PM io.gapi.emulators.netty.HttpVersionRoutingHandler channelRead\nINFO: Detected HTTP/2 connection.\n"}}
[debug] [2025-04-01T21:17:48.256Z] Apr 01, 2025 3:17:48 PM io.netty.channel.DefaultChannelPipeline onUnhandledInboundException
WARNING: An exceptionCaught() event was fired, and it reached at the tail of the pipeline. It usually means the last handler in the pipeline did not handle the exception.
java.net.SocketException: Connection reset
	at java.base/sun.nio.ch.SocketChannelImpl.throwConnectionReset(SocketChannelImpl.java:394)
	at java.base/sun.nio.ch.SocketChannelImpl.read(SocketChannelImpl.java:426)
	at io.netty.buffer.PooledByteBuf.setBytes(PooledByteBuf.java:255)
	at io.netty.buffer.AbstractByteBuf.writeBytes(AbstractByteBuf.java:1132)
	at io.netty.channel.socket.nio.NioSocketChannel.doReadBytes(NioSocketChannel.java:356)
	at io.netty.channel.nio.AbstractNioByteChannel$NioByteUnsafe.read(AbstractNioByteChannel.java:151)
	at io.netty.channel.nio.NioEventLoop.processSelectedKey(NioEventLoop.java:788)
	at io.netty.channel.nio.NioEventLoop.processSelectedKeysOptimized(NioEventLoop.java:724)
	at io.netty.channel.nio.NioEventLoop.processSelectedKeys(NioEventLoop.java:650)
	at io.netty.channel.nio.NioEventLoop.run(NioEventLoop.java:562)
	at io.netty.util.concurrent.SingleThreadEventExecutor$4.run(SingleThreadEventExecutor.java:994)
	at io.netty.util.internal.ThreadExecutorMap$2.run(ThreadExecutorMap.java:74)
	at io.netty.util.concurrent.FastThreadLocalRunnable.run(FastThreadLocalRunnable.java:30)
	at java.base/java.lang.Thread.run(Thread.java:840)

 {"metadata":{"emulator":{"name":"firestore"},"message":"Apr 01, 2025 3:17:48 PM io.netty.channel.DefaultChannelPipeline onUnhandledInboundException\nWARNING: An exceptionCaught() event was fired, and it reached at the tail of the pipeline. It usually means the last handler in the pipeline did not handle the exception.\njava.net.SocketException: Connection reset\n\tat java.base/sun.nio.ch.SocketChannelImpl.throwConnectionReset(SocketChannelImpl.java:394)\n\tat java.base/sun.nio.ch.SocketChannelImpl.read(SocketChannelImpl.java:426)\n\tat io.netty.buffer.PooledByteBuf.setBytes(PooledByteBuf.java:255)\n\tat io.netty.buffer.AbstractByteBuf.writeBytes(AbstractByteBuf.java:1132)\n\tat io.netty.channel.socket.nio.NioSocketChannel.doReadBytes(NioSocketChannel.java:356)\n\tat io.netty.channel.nio.AbstractNioByteChannel$NioByteUnsafe.read(AbstractNioByteChannel.java:151)\n\tat io.netty.channel.nio.NioEventLoop.processSelectedKey(NioEventLoop.java:788)\n\tat io.netty.channel.nio.NioEventLoop.processSelectedKeysOptimized(NioEventLoop.java:724)\n\tat io.netty.channel.nio.NioEventLoop.processSelectedKeys(NioEventLoop.java:650)\n\tat io.netty.channel.nio.NioEventLoop.run(NioEventLoop.java:562)\n\tat io.netty.util.concurrent.SingleThreadEventExecutor$4.run(SingleThreadEventExecutor.java:994)\n\tat io.netty.util.internal.ThreadExecutorMap$2.run(ThreadExecutorMap.java:74)\n\tat io.netty.util.concurrent.FastThreadLocalRunnable.run(FastThreadLocalRunnable.java:30)\n\tat java.base/java.lang.Thread.run(Thread.java:840)\n\n"}}
